Removed Pin From Net: NetName=NetD1_2 Pin=L1-2
Removed Pin From Net: NetName=NetD2_2 Pin=L2-2
Added Component: Designator=L?(Ind5.08)
Add component (AddParameter): Name = "ComponentLink1Description"; Value = "https://datasheet.octopart.com/197M5-Hammond-datasheet-153473799.pdf?src-supplier=Allied+Electronics"; VariantName = "[No Variations]"
Add component (AddParameter): Name = "ComponentLink1URL"; Value = "https://datasheet.octopart.com/197M5-Hammond-datasheet-153473799.pdf?src-supplier=Allied+Electronics"; VariantName = "[No Variations]"
Add component (AddParameter): Name = "ComponentLink2Description"; Value = "https://datasheet.octopart.com/197M5-Hammond-datasheet-151585935.pdf?src-supplier=Master+Electronics"; VariantName = "[No Variations]"
Add component (AddParameter): Name = "ComponentLink2URL"; Value = "https://datasheet.octopart.com/197M5-Hammond-datasheet-151585935.pdf?src-supplier=Master+Electronics"; VariantName = "[No Variations]"
Add component (AddParameter): Name = "Manufacturer"; Value = "Hammond"; VariantName = "[No Variations]"
Add component (AddParameter): Name = "Manufacturer Part Number"; Value = "197M5"; VariantName = "[No Variations]"
Add component (AddParameter): Name = "Pricing 1"; Value = "1=269,56000 (USD)"; VariantName = "[No Variations]"
Add component (AddParameter): Name = "Stock 1"; Value = "19"; VariantName = "[No Variations]"
Add component (AddParameter): Name = "Supplier 1"; Value = "Newark"; VariantName = "[No Variations]"
Add component (AddParameter): Name = "Supplier Part Number 1"; Value = "31AJ3771"; VariantName = "[No Variations]"
Added Component: Designator=L?(Ind5.08)
Add component (AddParameter): Name = "ComponentLink1Description"; Value = "https://datasheet.octopart.com/197M5-Hammond-datasheet-153473799.pdf?src-supplier=Allied+Electronics"; VariantName = "[No Variations]"
Add component (AddParameter): Name = "ComponentLink1URL"; Value = "https://datasheet.octopart.com/197M5-Hammond-datasheet-153473799.pdf?src-supplier=Allied+Electronics"; VariantName = "[No Variations]"
Add component (AddParameter): Name = "ComponentLink2Description"; Value = "https://datasheet.octopart.com/197M5-Hammond-datasheet-151585935.pdf?src-supplier=Master+Electronics"; VariantName = "[No Variations]"
Add component (AddParameter): Name = "ComponentLink2URL"; Value = "https://datasheet.octopart.com/197M5-Hammond-datasheet-151585935.pdf?src-supplier=Master+Electronics"; VariantName = "[No Variations]"
Add component (AddParameter): Name = "Manufacturer"; Value = "Hammond"; VariantName = "[No Variations]"
Add component (AddParameter): Name = "Manufacturer Part Number"; Value = "197M5"; VariantName = "[No Variations]"
Add component (AddParameter): Name = "Pricing 1"; Value = "1=269,56000 (USD)"; VariantName = "[No Variations]"
Add component (AddParameter): Name = "Stock 1"; Value = "19"; VariantName = "[No Variations]"
Add component (AddParameter): Name = "Supplier 1"; Value = "Newark"; VariantName = "[No Variations]"
Add component (AddParameter): Name = "Supplier Part Number 1"; Value = "31AJ3771"; VariantName = "[No Variations]"
Added Pin To Net: NetName=NetD1_2 Pin=L?-2
Added Pin To Net: NetName=NetD2_2 Pin=L?-2
Added Pin To Net: NetName=NetL?_1 Pin=L?-1
Added Pin To Net: NetName=NetL?_1 Pin=L?-1
Added Pin To Net: NetName=NetL?_1 Pin=SIN-2
Added Net: Name=NetL?_1
